Copyright 1986-2016 Xilinx, Inc. All Rights Reserved.
------------------------------------------------------------------------------------
| Tool Version : Vivado v.2016.3 (win64) Build 1682563 Mon Oct 10 19:07:27 MDT 2016
| Date         : Sun Jan 08 10:37:18 2017
| Host         : DESKTOP-L92UD1G running 64-bit major release  (build 9200)
| Command      : report_clock_utilization -file top_clock_utilization_routed.rpt
| Design       : top
| Device       : 7k160t-ffg676
| Speed File   : -1  PRODUCTION 1.12 2014-09-11
------------------------------------------------------------------------------------

Clock Utilization Report

Table of Contents
-----------------
1. Clock Primitive Utilization
2. Global Clock Resources
3. Global Clock Source Details
4. Local Clock Details
5. Clock Regions: Key Resource Utilization
6. Clock Regions : Global Clock Summary
7. Cell Type Counts per Global Clock: Region X0Y0
8. Cell Type Counts per Global Clock: Region X1Y0
9. Cell Type Counts per Global Clock: Region X0Y1
10. Cell Type Counts per Global Clock: Region X1Y1
11. Cell Type Counts per Global Clock: Region X0Y2
12. Cell Type Counts per Global Clock: Region X1Y2
13. Cell Type Counts per Global Clock: Region X0Y3
14. Cell Type Counts per Global Clock: Region X1Y3
15. Cell Type Counts per Global Clock: Region X0Y4
16. Cell Type Counts per Global Clock: Region X1Y4
17. Load Cell Placement Summary for Global Clock g0
18. Load Cell Placement Summary for Global Clock g1
19. Load Cell Placement Summary for Global Clock g2
20. Load Cell Placement Summary for Global Clock g3
21. Load Cell Placement Summary for Global Clock g4
22. Load Cell Placement Summary for Global Clock g5
23. Load Cell Placement Summary for Global Clock g6
24. Load Cell Placement Summary for Global Clock g7
25. Load Cell Placement Summary for Global Clock g8
26. Load Cell Placement Summary for Global Clock g9

1. Clock Primitive Utilization
------------------------------

+----------+------+-----------+-----+--------------+--------+
| Type     | Used | Available | LOC | Clock Region | Pblock |
+----------+------+-----------+-----+--------------+--------+
| BUFGCTRL |   10 |        32 |   0 |            0 |      0 |
| BUFH     |    0 |       120 |   0 |            0 |      0 |
| BUFIO    |    0 |        32 |   0 |            0 |      0 |
| BUFMR    |    0 |        16 |   0 |            0 |      0 |
| BUFR     |    0 |        32 |   0 |            0 |      0 |
| MMCM     |    0 |         8 |   0 |            0 |      0 |
| PLL      |    0 |         8 |   0 |            0 |      0 |
+----------+------+-----------+-----+--------------+--------+


2. Global Clock Resources
-------------------------

+-----------+-----------+-----------------+------------+---------------+--------------+------+-------------------+-------------------+-------------+-----------------+--------------+-------+------------------------------+-----------------------+
| Global Id | Source Id | Driver Type/Pin | Constraint | Site          | Clock Region | Root | Clock Delay Group | Load Clock Region | Clock Loads | Non-Clock Loads | Clock Period | Clock | Driver Pin                   | Net                   |
+-----------+-----------+-----------------+------------+---------------+--------------+------+-------------------+-------------------+-------------+-----------------+--------------+-------+------------------------------+-----------------------+
| g0        | src0      | BUFG/O          | None       | BUFGCTRL_X0Y0 | n/a          |      |                   |                10 |        2835 |               1 |              |       | clkdiv_reg_BUFG[0]_inst/O    | clkdiv_reg_BUFG[0]    |
| g1        | src1      | BUFG/O          | None       | BUFGCTRL_X0Y4 | n/a          |      |                   |                 3 |         160 |               1 |              |       | bubble_time_reg[0][31]_i_3/O | p_0_in                |
| g2        | src2      | BUFG/O          | None       | BUFGCTRL_X0Y2 | n/a          |      |                   |                 2 |         120 |             120 |              |       | n_0_63583_BUFG_inst/O        | n_0_63583_BUFG        |
| g3        | src3      | BUFG/O          | None       | BUFGCTRL_X0Y3 | n/a          |      |                   |                 2 |          92 |              92 |              |       | n_1_62977_BUFG_inst/O        | n_1_62977_BUFG        |
| g4        | src4      | BUFG/O          | None       | BUFGCTRL_X0Y5 | n/a          |      |                   |                 1 |          78 |               1 |              |       | shift_reg[55]_i_3/O          | clkdiv_reg[3]         |
| g5        | src5      | BUFG/O          | None       | BUFGCTRL_X0Y6 | n/a          |      |                   |                 3 |          64 |               0 |       10.000 | clk   | clk_IBUF_BUFG_inst/O         | clk_IBUF_BUFG         |
| g6        | src6      | BUFG/O          | None       | BUFGCTRL_X0Y7 | n/a          |      |                   |                 1 |          62 |               1 |              |       | player2_x_reg[9]_i_3/O       | p_2_in                |
| g7        | src7      | BUFG/O          | None       | BUFGCTRL_X0Y8 | n/a          |      |                   |                 3 |          56 |               1 |              |       | clkdiv_reg__0_BUFG[1]_inst/O | clkdiv_reg__0_BUFG[1] |
| g8        | src8      | BUFG/O          | None       | BUFGCTRL_X0Y9 | n/a          |      |                   |                 1 |          23 |               0 |              |       | ps2_clk_IBUF_BUFG_inst/O     | ps2_clk_IBUF_BUFG     |
| g9        | src9      | BUFG/O          | None       | BUFGCTRL_X0Y1 | n/a          |      |                   |                 3 |           4 |             260 |              |       | u_calcn_0_49083_BUFG_inst/O  | u_calcn_0_49083_BUFG  |
+-----------+-----------+-----------------+------------+---------------+--------------+------+-------------------+-------------------+-------------+-----------------+--------------+-------+------------------------------+-----------------------+
* Clock Loads column represents the clock pin loads (pin count)
** Non-Clock Loads column represents the non-clock pin loads (pin count)


3. Global Clock Source Details
------------------------------

+-----------+-----------+-----------------+------------+---------------+--------------+-------------+-----------------+---------------------+--------------+----------------------------------------+--------------------------------------+
| Source Id | Global Id | Driver Type/Pin | Constraint | Site          | Clock Region | Clock Loads | Non-Clock Loads | Source Clock Period | Source Clock | Driver Pin                             | Net                                  |
+-----------+-----------+-----------------+------------+---------------+--------------+-------------+-----------------+---------------------+--------------+----------------------------------------+--------------------------------------+
| src0      | g0        | FDCE/Q          | None       | SLICE_X56Y146 | X1Y2         |           1 |               0 |                     |              | clkdiv_reg[0]/Q                        | clkdiv_reg[0]__0                     |
| src1      | g1        | FDCE/Q          | None       | SLICE_X77Y121 | X1Y2         |           1 |               1 |                     |              | u_calc/clk_div_reg[1]/Q                | u_calc/out[0]                        |
| src2      | g2        | LUT2/O          | None       | SLICE_X57Y146 | X1Y2         |           1 |               0 |                     |              | u_menu/n_0_63583_BUFG_inst_i_1/O       | u_menu/n_0_63583_BUFG_inst_n_1       |
| src3      | g3        | LUT2/O          | None       | SLICE_X57Y146 | X1Y2         |           1 |               0 |                     |              | u_menu/n_1_62977_BUFG_inst_i_1/O       | u_menu/n_1_62977_BUFG_inst_n_2       |
| src4      | g4        | FDRE/Q          | None       | SLICE_X63Y141 | X1Y2         |           1 |               1 |                     |              | u_seg7_device/clkdiv_reg[3]/Q          | u_seg7_device/shift_reg[0]           |
| src5      | g5        | IBUF/O          | IOB_X1Y24  | IOB_X1Y24     | X1Y0         |           1 |               0 |              10.000 | clk          | clk_IBUF_inst/O                        | clk_IBUF                             |
| src6      | g6        | FDCE/Q          | None       | SLICE_X77Y125 | X1Y2         |           1 |               1 |                     |              | u_calc/clk_div_reg[19]/Q               | u_calc/out[1]                        |
| src7      | g7        | FDCE/Q          | None       | SLICE_X56Y146 | X1Y2         |           1 |               0 |                     |              | clkdiv_reg[1]/Q                        | clkdiv_reg__0[1]                     |
| src8      | g8        | IBUF/O          | IOB_X0Y56  | IOB_X0Y56     | X0Y1         |           1 |               0 |                     |              | ps2_clk_IBUF_inst/O                    | ps2_clk_IBUF                         |
| src9      | g9        | LUT2/O          | None       | SLICE_X57Y146 | X1Y2         |           1 |               0 |                     |              | u_menu/u_calcn_0_49083_BUFG_inst_i_1/O | u_menu/u_calcn_0_49083_BUFG_inst_n_0 |
+-----------+-----------+-----------------+------------+---------------+--------------+-------------+-----------------+---------------------+--------------+----------------------------------------+--------------------------------------+
* Clock Loads column represents the clock pin loads (pin count)
** Non-Clock Loads column represents the non-clock pin loads (pin count)


4. Local Clock Details
----------------------

+----------+-----------------+------------+-------------------+--------------+-------------+-----------------+--------------+-------+-------------------------------+-------------------------+
| Local Id | Driver Type/Pin | Constraint | Site/BEL          | Clock Region | Clock Loads | Non-Clock Loads | Clock Period | Clock | Driver Pin                    | Net                     |
+----------+-----------------+------------+-------------------+--------------+-------------+-----------------+--------------+-------+-------------------------------+-------------------------+
| 0        | FDRE/Q          | None       | SLICE_X106Y45/AFF | X1Y0         |          24 |               1 |              |       | u_music_player/clk_4Hz_reg/Q  | u_music_player/clk_4Hz  |
| 1        | FDRE/Q          | None       | SLICE_X108Y48/AFF | X1Y0         |          15 |               1 |              |       | u_music_player/clk_6MHz_reg/Q | u_music_player/clk_6MHz |
+----------+-----------------+------------+-------------------+--------------+-------------+-----------------+--------------+-------+-------------------------------+-------------------------+
* Local Clocks in this context represents only clocks driven by non-global buffers
** Clock Loads column represents the clock pin loads (pin count)
*** Non-Clock Loads column represents the non-clock pin loads (pin count)


5. Clock Regions: Key Resource Utilization
------------------------------------------

+-------------------+--------------+--------------+--------------+--------------+--------------+--------------+--------------+--------------+--------------+--------------+--------------+--------------+--------------+--------------+--------------+
|                   | Global Clock |     BUFRs    |    BUFMRs    |    BUFIOs    |     MMCM     |      PLL     |      GT      |      PCI     |    ILOGIC    |    OLOGIC    |      FF      |     LUTM     |    RAMB18    |    RAMB36    |    DSP48E2   |
+-------------------+------+-------+------+-------+------+-------+------+-------+------+-------+------+-------+------+-------+------+-------+------+-------+------+-------+------+-------+------+-------+------+-------+------+-------+------+-------+
| Clock Region Name | Used | Avail | Used | Avail | Used | Avail | Used | Avail | Used | Avail | Used | Avail | Used | Avail | Used | Avail | Used | Avail | Used | Avail | Used | Avail | Used | Avail | Used | Avail | Used | Avail | Used | Avail |
+-------------------+------+-------+------+-------+------+-------+------+-------+------+-------+------+-------+------+-------+------+-------+------+-------+------+-------+------+-------+------+-------+------+-------+------+-------+------+-------+
| X0Y0              |    4 |    12 |    0 |     4 |    0 |     2 |    0 |     4 |    0 |     1 |    0 |     1 |    0 |     0 |    0 |     0 |    0 |    50 |    0 |    50 |  398 |  2800 |  134 |   850 |    1 |    60 |   28 |    30 |    0 |    60 |
| X1Y0              |    6 |    12 |    0 |     4 |    0 |     2 |    0 |     4 |    0 |     1 |    0 |     1 |    0 |     0 |    0 |     0 |    0 |    50 |    0 |    50 |  964 |  2700 |  339 |   950 |    0 |    80 |   38 |    40 |    0 |    60 |
| X0Y1              |    2 |    12 |    0 |     4 |    0 |     2 |    0 |     4 |    0 |     1 |    0 |     1 |    0 |     0 |    0 |     0 |    0 |    50 |    0 |    50 |  305 |  2800 |   94 |   850 |    1 |    60 |   28 |    30 |    0 |    60 |
| X1Y1              |    3 |    12 |    0 |     4 |    0 |     2 |    0 |     4 |    0 |     1 |    0 |     1 |    0 |     0 |    0 |     0 |    0 |    50 |    0 |    50 |  623 |  2700 |  207 |   950 |    0 |    80 |   40 |    40 |    0 |    60 |
| X0Y2              |    2 |    12 |    0 |     4 |    0 |     2 |    0 |     4 |    0 |     1 |    0 |     1 |    0 |     0 |    0 |     0 |    0 |    50 |    0 |    50 |   66 |  2200 |   27 |   850 |    0 |    60 |   30 |    30 |    1 |    60 |
| X1Y2              |    8 |    12 |    0 |     4 |    0 |     2 |    0 |     4 |    0 |     1 |    0 |     1 |    0 |     0 |    0 |     0 |    0 |    50 |    0 |    50 |  297 |  2700 |  108 |   950 |    0 |    80 |   39 |    40 |    0 |    60 |
| X0Y3              |    1 |    12 |    0 |     4 |    0 |     2 |    0 |     4 |    0 |     1 |    0 |     1 |    0 |     0 |    0 |     0 |    0 |    50 |    0 |    50 |   13 |  2200 |    8 |   850 |    1 |    60 |   28 |    30 |    0 |    60 |
| X1Y3              |    1 |    12 |    0 |     0 |    0 |     0 |    0 |     0 |    0 |     0 |    0 |     0 |    0 |     4 |    0 |     1 |    0 |     0 |    0 |     0 |    5 |  2150 |    4 |   800 |    1 |    50 |   24 |    25 |    0 |    60 |
| X0Y4              |    1 |    12 |    0 |     4 |    0 |     2 |    0 |     4 |    0 |     1 |    0 |     1 |    0 |     0 |    0 |     0 |    0 |    50 |    0 |    50 |    0 |  2800 |    0 |   850 |    0 |    60 |   26 |    30 |    0 |    60 |
| X1Y4              |    1 |    12 |    0 |     0 |    0 |     0 |    0 |     0 |    0 |     0 |    0 |     0 |    0 |     4 |    0 |     0 |    0 |     0 |    0 |     0 |    0 |  2300 |    0 |   850 |    0 |    60 |   25 |    30 |    0 |    60 |
+-------------------+------+-------+------+-------+------+-------+------+-------+------+-------+------+-------+------+-------+------+-------+------+-------+------+-------+------+-------+------+-------+------+-------+------+-------+------+-------+
* Global Clock column represents track count; while other columns represents cell counts


6. Clock Regions : Global Clock Summary
---------------------------------------

+----+----+----+
|    | X0 | X1 |
+----+----+----+
| Y4 |  1 |  1 |
| Y3 |  1 |  1 |
| Y2 |  2 |  8 |
| Y1 |  2 |  3 |
| Y0 |  4 |  6 |
+----+----+----+


7. Cell Type Counts per Global Clock: Region X0Y0
-------------------------------------------------

+-----------+-------+-----------------+------------+-------------+-----------------+-----+--------+------+-----+----+------+-----+---------+----------------------+
| Global Id | Track | Driver Type/Pin | Constraint | Clock Loads | Non-Clock Loads | FF  | LUTRAM | RAMB | DSP | GT | MMCM | PLL | Hard IP | Net                  |
+-----------+-------+-----------------+------------+-------------+-----------------+-----+--------+------+-----+----+------+-----+---------+----------------------+
| g0        | n/a   | BUFG/O          | None       |         429 |               0 | 398 |      0 |   29 |   0 |  0 |    0 |   0 |       0 | clkdiv_reg_BUFG[0]   |
| g2        | n/a   | BUFG/O          | None       |          27 |              26 |  26 |      0 |    0 |   0 |  0 |    0 |   0 |       0 | n_0_63583_BUFG       |
| g3        | n/a   | BUFG/O          | None       |          24 |              23 |  23 |      0 |    0 |   0 |  0 |    0 |   0 |       0 | n_1_62977_BUFG       |
| g9        | n/a   | BUFG/O          | None       |           0 |              55 |  28 |      0 |    0 |   0 |  0 |    0 |   0 |       0 | u_calcn_0_49083_BUFG |
+-----------+-------+-----------------+------------+-------------+-----------------+-----+--------+------+-----+----+------+-----+---------+----------------------+
* Clock Loads column represents the clock pin loads (pin count)
** Non-Clock Loads column represents the non-clock pin loads (pin count)
*** Columns FF, LUTRAM, RAMB through 'Hard IP' represents load cell counts


8. Cell Type Counts per Global Clock: Region X1Y0
-------------------------------------------------

+-----------+-------+-----------------+------------+-------------+-----------------+-----+--------+------+-----+----+------+-----+---------+----------------------+
| Global Id | Track | Driver Type/Pin | Constraint | Clock Loads | Non-Clock Loads | FF  | LUTRAM | RAMB | DSP | GT | MMCM | PLL | Hard IP | Net                  |
+-----------+-------+-----------------+------------+-------------+-----------------+-----+--------+------+-----+----+------+-----+---------+----------------------+
| g0        | n/a   | BUFG/O          | None       |         886 |               0 | 846 |      0 |   38 |   0 |  0 |    0 |   0 |       0 | clkdiv_reg_BUFG[0]   |
| g1        | n/a   | BUFG/O          | None       |          70 |               0 |  70 |      0 |    0 |   0 |  0 |    0 |   0 |       0 | p_0_in               |
| g2        | n/a   | BUFG/O          | None       |          93 |              94 |  94 |      0 |    0 |   0 |  0 |    0 |   0 |       0 | n_0_63583_BUFG       |
| g3        | n/a   | BUFG/O          | None       |          68 |              69 |  69 |      0 |    0 |   0 |  0 |    0 |   0 |       0 | n_1_62977_BUFG       |
| g5        | n/a   | BUFG/O          | None       |          39 |               0 |  39 |      0 |    0 |   0 |  0 |    0 |   0 |       0 | clk_IBUF_BUFG        |
| g9        | n/a   | BUFG/O          | None       |           0 |             185 |  92 |      0 |    0 |   0 |  0 |    0 |   0 |       0 | u_calcn_0_49083_BUFG |
+-----------+-------+-----------------+------------+-------------+-----------------+-----+--------+------+-----+----+------+-----+---------+----------------------+
* Clock Loads column represents the clock pin loads (pin count)
** Non-Clock Loads column represents the non-clock pin loads (pin count)
*** Columns FF, LUTRAM, RAMB through 'Hard IP' represents load cell counts


9. Cell Type Counts per Global Clock: Region X0Y1
-------------------------------------------------

+-----------+-------+-----------------+------------+-------------+-----------------+-----+--------+------+-----+----+------+-----+---------+-----------------------+
| Global Id | Track | Driver Type/Pin | Constraint | Clock Loads | Non-Clock Loads | FF  | LUTRAM | RAMB | DSP | GT | MMCM | PLL | Hard IP | Net                   |
+-----------+-------+-----------------+------------+-------------+-----------------+-----+--------+------+-----+----+------+-----+---------+-----------------------+
| g0        | n/a   | BUFG/O          | None       |         323 |               0 | 292 |      0 |   29 |   0 |  0 |    0 |   0 |       0 | clkdiv_reg_BUFG[0]    |
| g7        | n/a   | BUFG/O          | None       |          13 |               0 |  13 |      0 |    0 |   0 |  0 |    0 |   0 |       0 | clkdiv_reg__0_BUFG[1] |
+-----------+-------+-----------------+------------+-------------+-----------------+-----+--------+------+-----+----+------+-----+---------+-----------------------+
* Clock Loads column represents the clock pin loads (pin count)
** Non-Clock Loads column represents the non-clock pin loads (pin count)
*** Columns FF, LUTRAM, RAMB through 'Hard IP' represents load cell counts


10. Cell Type Counts per Global Clock: Region X1Y1
--------------------------------------------------

+-----------+-------+-----------------+------------+-------------+-----------------+-----+--------+------+-----+----+------+-----+---------+--------------------+
| Global Id | Track | Driver Type/Pin | Constraint | Clock Loads | Non-Clock Loads | FF  | LUTRAM | RAMB | DSP | GT | MMCM | PLL | Hard IP | Net                |
+-----------+-------+-----------------+------------+-------------+-----------------+-----+--------+------+-----+----+------+-----+---------+--------------------+
| g0        | n/a   | BUFG/O          | None       |         565 |               0 | 525 |      0 |   40 |   0 |  0 |    0 |   0 |       0 | clkdiv_reg_BUFG[0] |
| g1        | n/a   | BUFG/O          | None       |          58 |               0 |  58 |      0 |    0 |   0 |  0 |    0 |   0 |       0 | p_0_in             |
| g5        | n/a   | BUFG/O          | None       |          11 |               0 |  11 |      0 |    0 |   0 |  0 |    0 |   0 |       0 | clk_IBUF_BUFG      |
+-----------+-------+-----------------+------------+-------------+-----------------+-----+--------+------+-----+----+------+-----+---------+--------------------+
* Clock Loads column represents the clock pin loads (pin count)
** Non-Clock Loads column represents the non-clock pin loads (pin count)
*** Columns FF, LUTRAM, RAMB through 'Hard IP' represents load cell counts


11. Cell Type Counts per Global Clock: Region X0Y2
--------------------------------------------------

+-----------+-------+-----------------+------------+-------------+-----------------+----+--------+------+-----+----+------+-----+---------+-----------------------+
| Global Id | Track | Driver Type/Pin | Constraint | Clock Loads | Non-Clock Loads | FF | LUTRAM | RAMB | DSP | GT | MMCM | PLL | Hard IP | Net                   |
+-----------+-------+-----------------+------------+-------------+-----------------+----+--------+------+-----+----+------+-----+---------+-----------------------+
| g0        | n/a   | BUFG/O          | None       |          54 |               0 | 23 |      0 |   30 |   1 |  0 |    0 |   0 |       0 | clkdiv_reg_BUFG[0]    |
| g7        | n/a   | BUFG/O          | None       |          43 |               0 | 43 |      0 |    0 |   0 |  0 |    0 |   0 |       0 | clkdiv_reg__0_BUFG[1] |
+-----------+-------+-----------------+------------+-------------+-----------------+----+--------+------+-----+----+------+-----+---------+-----------------------+
* Clock Loads column represents the clock pin loads (pin count)
** Non-Clock Loads column represents the non-clock pin loads (pin count)
*** Columns FF, LUTRAM, RAMB through 'Hard IP' represents load cell counts


12. Cell Type Counts per Global Clock: Region X1Y2
--------------------------------------------------

+-----------+-------+-----------------+------------+-------------+-----------------+----+--------+------+-----+----+------+-----+---------+-----------------------+
| Global Id | Track | Driver Type/Pin | Constraint | Clock Loads | Non-Clock Loads | FF | LUTRAM | RAMB | DSP | GT | MMCM | PLL | Hard IP | Net                   |
+-----------+-------+-----------------+------------+-------------+-----------------+----+--------+------+-----+----+------+-----+---------+-----------------------+
| g0        | n/a   | BUFG/O          | None       |         128 |               1 | 88 |      0 |   39 |   0 |  0 |    0 |   0 |       0 | clkdiv_reg_BUFG[0]    |
| g1        | n/a   | BUFG/O          | None       |          32 |               1 | 32 |      0 |    0 |   0 |  0 |    0 |   0 |       0 | p_0_in                |
| g4        | n/a   | BUFG/O          | None       |          78 |               1 | 78 |      0 |    0 |   0 |  0 |    0 |   0 |       0 | clkdiv_reg[3]         |
| g5        | n/a   | BUFG/O          | None       |          14 |               0 | 14 |      0 |    0 |   0 |  0 |    0 |   0 |       0 | clk_IBUF_BUFG         |
| g6        | n/a   | BUFG/O          | None       |          62 |               1 | 62 |      0 |    0 |   0 |  0 |    0 |   0 |       0 | p_2_in                |
| g7        | n/a   | BUFG/O          | None       |           0 |               1 |  0 |      0 |    0 |   0 |  0 |    0 |   0 |       0 | clkdiv_reg__0_BUFG[1] |
| g8        | n/a   | BUFG/O          | None       |          23 |               0 | 23 |      0 |    0 |   0 |  0 |    0 |   0 |       0 | ps2_clk_IBUF_BUFG     |
| g9        | n/a   | BUFG/O          | None       |           4 |              20 | 16 |      0 |    0 |   0 |  0 |    0 |   0 |       0 | u_calcn_0_49083_BUFG  |
+-----------+-------+-----------------+------------+-------------+-----------------+----+--------+------+-----+----+------+-----+---------+-----------------------+
* Clock Loads column represents the clock pin loads (pin count)
** Non-Clock Loads column represents the non-clock pin loads (pin count)
*** Columns FF, LUTRAM, RAMB through 'Hard IP' represents load cell counts


13. Cell Type Counts per Global Clock: Region X0Y3
--------------------------------------------------

+-----------+-------+-----------------+------------+-------------+-----------------+----+--------+------+-----+----+------+-----+---------+--------------------+
| Global Id | Track | Driver Type/Pin | Constraint | Clock Loads | Non-Clock Loads | FF | LUTRAM | RAMB | DSP | GT | MMCM | PLL | Hard IP | Net                |
+-----------+-------+-----------------+------------+-------------+-----------------+----+--------+------+-----+----+------+-----+---------+--------------------+
| g0        | n/a   | BUFG/O          | None       |          44 |               0 | 13 |      0 |   29 |   0 |  0 |    0 |   0 |       0 | clkdiv_reg_BUFG[0] |
+-----------+-------+-----------------+------------+-------------+-----------------+----+--------+------+-----+----+------+-----+---------+--------------------+
* Clock Loads column represents the clock pin loads (pin count)
** Non-Clock Loads column represents the non-clock pin loads (pin count)
*** Columns FF, LUTRAM, RAMB through 'Hard IP' represents load cell counts


14. Cell Type Counts per Global Clock: Region X1Y3
--------------------------------------------------

+-----------+-------+-----------------+------------+-------------+-----------------+----+--------+------+-----+----+------+-----+---------+--------------------+
| Global Id | Track | Driver Type/Pin | Constraint | Clock Loads | Non-Clock Loads | FF | LUTRAM | RAMB | DSP | GT | MMCM | PLL | Hard IP | Net                |
+-----------+-------+-----------------+------------+-------------+-----------------+----+--------+------+-----+----+------+-----+---------+--------------------+
| g0        | n/a   | BUFG/O          | None       |          30 |               0 |  5 |      0 |   24 |   0 |  0 |    0 |   0 |       0 | clkdiv_reg_BUFG[0] |
+-----------+-------+-----------------+------------+-------------+-----------------+----+--------+------+-----+----+------+-----+---------+--------------------+
* Clock Loads column represents the clock pin loads (pin count)
** Non-Clock Loads column represents the non-clock pin loads (pin count)
*** Columns FF, LUTRAM, RAMB through 'Hard IP' represents load cell counts


15. Cell Type Counts per Global Clock: Region X0Y4
--------------------------------------------------

+-----------+-------+-----------------+------------+-------------+-----------------+----+--------+------+-----+----+------+-----+---------+--------------------+
| Global Id | Track | Driver Type/Pin | Constraint | Clock Loads | Non-Clock Loads | FF | LUTRAM | RAMB | DSP | GT | MMCM | PLL | Hard IP | Net                |
+-----------+-------+-----------------+------------+-------------+-----------------+----+--------+------+-----+----+------+-----+---------+--------------------+
| g0        | n/a   | BUFG/O          | None       |          29 |               0 |  0 |      0 |   26 |   0 |  0 |    0 |   0 |       0 | clkdiv_reg_BUFG[0] |
+-----------+-------+-----------------+------------+-------------+-----------------+----+--------+------+-----+----+------+-----+---------+--------------------+
* Clock Loads column represents the clock pin loads (pin count)
** Non-Clock Loads column represents the non-clock pin loads (pin count)
*** Columns FF, LUTRAM, RAMB through 'Hard IP' represents load cell counts


16. Cell Type Counts per Global Clock: Region X1Y4
--------------------------------------------------

+-----------+-------+-----------------+------------+-------------+-----------------+----+--------+------+-----+----+------+-----+---------+--------------------+
| Global Id | Track | Driver Type/Pin | Constraint | Clock Loads | Non-Clock Loads | FF | LUTRAM | RAMB | DSP | GT | MMCM | PLL | Hard IP | Net                |
+-----------+-------+-----------------+------------+-------------+-----------------+----+--------+------+-----+----+------+-----+---------+--------------------+
| g0        | n/a   | BUFG/O          | None       |          25 |               0 |  0 |      0 |   25 |   0 |  0 |    0 |   0 |       0 | clkdiv_reg_BUFG[0] |
+-----------+-------+-----------------+------------+-------------+-----------------+----+--------+------+-----+----+------+-----+---------+--------------------+
* Clock Loads column represents the clock pin loads (pin count)
** Non-Clock Loads column represents the non-clock pin loads (pin count)
*** Columns FF, LUTRAM, RAMB through 'Hard IP' represents load cell counts


17. Load Cell Placement Summary for Global Clock g0
---------------------------------------------------

+-----------+-----------------+-------------------+-------+-------------+---------------+----------+-------------+----------+----------------+----------+--------------------+
| Global Id | Driver Type/Pin | Driver Region (D) | Clock | Period (ns) | Waveform (ns) | Root (R) | Slice Loads | IO Loads | Clocking Loads | GT Loads | Net                |
+-----------+-----------------+-------------------+-------+-------------+---------------+----------+-------------+----------+----------------+----------+--------------------+
| g0        | BUFG/O          | n/a               |       |             |               |          |        2514 |        0 |              0 |        0 | clkdiv_reg_BUFG[0] |
+-----------+-----------------+-------------------+-------+-------------+---------------+----------+-------------+----------+----------------+----------+--------------------+
* Slice Loads column represents load cell count of all cell types other than IO, GT and clock resources
** IO Loads column represents load cell count of IO types
*** Clocking Loads column represents load cell count that are clock resources (global clock buffer, MMCM, PLL, etc)
**** GT Loads column represents load cell count of GT types


+----+------+------+
|    | X0   | X1   |
+----+------+------+
| Y4 |   29 |   25 |
| Y3 |   44 |   30 |
| Y2 |   54 |  129 |
| Y1 |  323 |  565 |
| Y0 |  429 |  886 |
+----+------+------+


18. Load Cell Placement Summary for Global Clock g1
---------------------------------------------------

+-----------+-----------------+-------------------+-------+-------------+---------------+----------+-------------+----------+----------------+----------+--------+
| Global Id | Driver Type/Pin | Driver Region (D) | Clock | Period (ns) | Waveform (ns) | Root (R) | Slice Loads | IO Loads | Clocking Loads | GT Loads | Net    |
+-----------+-----------------+-------------------+-------+-------------+---------------+----------+-------------+----------+----------------+----------+--------+
| g1        | BUFG/O          | n/a               |       |             |               |          |         161 |        0 |              0 |        0 | p_0_in |
+-----------+-----------------+-------------------+-------+-------------+---------------+----------+-------------+----------+----------------+----------+--------+
* Slice Loads column represents load cell count of all cell types other than IO, GT and clock resources
** IO Loads column represents load cell count of IO types
*** Clocking Loads column represents load cell count that are clock resources (global clock buffer, MMCM, PLL, etc)
**** GT Loads column represents load cell count of GT types


+----+----+-----+
|    | X0 | X1  |
+----+----+-----+
| Y4 |  0 |   0 |
| Y3 |  0 |   0 |
| Y2 |  0 |  33 |
| Y1 |  0 |  58 |
| Y0 |  0 |  70 |
+----+----+-----+


19. Load Cell Placement Summary for Global Clock g2
---------------------------------------------------

+-----------+-----------------+-------------------+-------+-------------+---------------+----------+-------------+----------+----------------+----------+----------------+
| Global Id | Driver Type/Pin | Driver Region (D) | Clock | Period (ns) | Waveform (ns) | Root (R) | Slice Loads | IO Loads | Clocking Loads | GT Loads | Net            |
+-----------+-----------------+-------------------+-------+-------------+---------------+----------+-------------+----------+----------------+----------+----------------+
| g2        | BUFG/O          | n/a               |       |             |               |          |         240 |        0 |              0 |        0 | n_0_63583_BUFG |
+-----------+-----------------+-------------------+-------+-------------+---------------+----------+-------------+----------+----------------+----------+----------------+
* Slice Loads column represents load cell count of all cell types other than IO, GT and clock resources
** IO Loads column represents load cell count of IO types
*** Clocking Loads column represents load cell count that are clock resources (global clock buffer, MMCM, PLL, etc)
**** GT Loads column represents load cell count of GT types


+----+-----+------+
|    | X0  | X1   |
+----+-----+------+
| Y4 |   0 |    0 |
| Y3 |   0 |    0 |
| Y2 |   0 |    0 |
| Y1 |   0 |    0 |
| Y0 |  53 |  187 |
+----+-----+------+


20. Load Cell Placement Summary for Global Clock g3
---------------------------------------------------

+-----------+-----------------+-------------------+-------+-------------+---------------+----------+-------------+----------+----------------+----------+----------------+
| Global Id | Driver Type/Pin | Driver Region (D) | Clock | Period (ns) | Waveform (ns) | Root (R) | Slice Loads | IO Loads | Clocking Loads | GT Loads | Net            |
+-----------+-----------------+-------------------+-------+-------------+---------------+----------+-------------+----------+----------------+----------+----------------+
| g3        | BUFG/O          | n/a               |       |             |               |          |         184 |        0 |              0 |        0 | n_1_62977_BUFG |
+-----------+-----------------+-------------------+-------+-------------+---------------+----------+-------------+----------+----------------+----------+----------------+
* Slice Loads column represents load cell count of all cell types other than IO, GT and clock resources
** IO Loads column represents load cell count of IO types
*** Clocking Loads column represents load cell count that are clock resources (global clock buffer, MMCM, PLL, etc)
**** GT Loads column represents load cell count of GT types


+----+-----+------+
|    | X0  | X1   |
+----+-----+------+
| Y4 |   0 |    0 |
| Y3 |   0 |    0 |
| Y2 |   0 |    0 |
| Y1 |   0 |    0 |
| Y0 |  47 |  137 |
+----+-----+------+


21. Load Cell Placement Summary for Global Clock g4
---------------------------------------------------

+-----------+-----------------+-------------------+-------+-------------+---------------+----------+-------------+----------+----------------+----------+---------------+
| Global Id | Driver Type/Pin | Driver Region (D) | Clock | Period (ns) | Waveform (ns) | Root (R) | Slice Loads | IO Loads | Clocking Loads | GT Loads | Net           |
+-----------+-----------------+-------------------+-------+-------------+---------------+----------+-------------+----------+----------------+----------+---------------+
| g4        | BUFG/O          | n/a               |       |             |               |          |          79 |        0 |              0 |        0 | clkdiv_reg[3] |
+-----------+-----------------+-------------------+-------+-------------+---------------+----------+-------------+----------+----------------+----------+---------------+
* Slice Loads column represents load cell count of all cell types other than IO, GT and clock resources
** IO Loads column represents load cell count of IO types
*** Clocking Loads column represents load cell count that are clock resources (global clock buffer, MMCM, PLL, etc)
**** GT Loads column represents load cell count of GT types


+----+----+-----+
|    | X0 | X1  |
+----+----+-----+
| Y4 |  0 |   0 |
| Y3 |  0 |   0 |
| Y2 |  0 |  79 |
| Y1 |  0 |   0 |
| Y0 |  0 |   0 |
+----+----+-----+


22. Load Cell Placement Summary for Global Clock g5
---------------------------------------------------

+-----------+-----------------+-------------------+-------+-------------+---------------+----------+-------------+----------+----------------+----------+---------------+
| Global Id | Driver Type/Pin | Driver Region (D) | Clock | Period (ns) | Waveform (ns) | Root (R) | Slice Loads | IO Loads | Clocking Loads | GT Loads | Net           |
+-----------+-----------------+-------------------+-------+-------------+---------------+----------+-------------+----------+----------------+----------+---------------+
| g5        | BUFG/O          | n/a               | clk   |      10.000 | {0.000 5.000} |          |          64 |        0 |              0 |        0 | clk_IBUF_BUFG |
+-----------+-----------------+-------------------+-------+-------------+---------------+----------+-------------+----------+----------------+----------+---------------+
* Slice Loads column represents load cell count of all cell types other than IO, GT and clock resources
** IO Loads column represents load cell count of IO types
*** Clocking Loads column represents load cell count that are clock resources (global clock buffer, MMCM, PLL, etc)
**** GT Loads column represents load cell count of GT types


+----+----+-----+
|    | X0 | X1  |
+----+----+-----+
| Y4 |  0 |   0 |
| Y3 |  0 |   0 |
| Y2 |  0 |  14 |
| Y1 |  0 |  11 |
| Y0 |  0 |  39 |
+----+----+-----+


23. Load Cell Placement Summary for Global Clock g6
---------------------------------------------------

+-----------+-----------------+-------------------+-------+-------------+---------------+----------+-------------+----------+----------------+----------+--------+
| Global Id | Driver Type/Pin | Driver Region (D) | Clock | Period (ns) | Waveform (ns) | Root (R) | Slice Loads | IO Loads | Clocking Loads | GT Loads | Net    |
+-----------+-----------------+-------------------+-------+-------------+---------------+----------+-------------+----------+----------------+----------+--------+
| g6        | BUFG/O          | n/a               |       |             |               |          |          63 |        0 |              0 |        0 | p_2_in |
+-----------+-----------------+-------------------+-------+-------------+---------------+----------+-------------+----------+----------------+----------+--------+
* Slice Loads column represents load cell count of all cell types other than IO, GT and clock resources
** IO Loads column represents load cell count of IO types
*** Clocking Loads column represents load cell count that are clock resources (global clock buffer, MMCM, PLL, etc)
**** GT Loads column represents load cell count of GT types


+----+----+-----+
|    | X0 | X1  |
+----+----+-----+
| Y4 |  0 |   0 |
| Y3 |  0 |   0 |
| Y2 |  0 |  63 |
| Y1 |  0 |   0 |
| Y0 |  0 |   0 |
+----+----+-----+


24. Load Cell Placement Summary for Global Clock g7
---------------------------------------------------

+-----------+-----------------+-------------------+-------+-------------+---------------+----------+-------------+----------+----------------+----------+-----------------------+
| Global Id | Driver Type/Pin | Driver Region (D) | Clock | Period (ns) | Waveform (ns) | Root (R) | Slice Loads | IO Loads | Clocking Loads | GT Loads | Net                   |
+-----------+-----------------+-------------------+-------+-------------+---------------+----------+-------------+----------+----------------+----------+-----------------------+
| g7        | BUFG/O          | n/a               |       |             |               |          |          57 |        0 |              0 |        0 | clkdiv_reg__0_BUFG[1] |
+-----------+-----------------+-------------------+-------+-------------+---------------+----------+-------------+----------+----------------+----------+-----------------------+
* Slice Loads column represents load cell count of all cell types other than IO, GT and clock resources
** IO Loads column represents load cell count of IO types
*** Clocking Loads column represents load cell count that are clock resources (global clock buffer, MMCM, PLL, etc)
**** GT Loads column represents load cell count of GT types


+----+-----+----+
|    | X0  | X1 |
+----+-----+----+
| Y4 |   0 |  0 |
| Y3 |   0 |  0 |
| Y2 |  43 |  1 |
| Y1 |  13 |  0 |
| Y0 |   0 |  0 |
+----+-----+----+


25. Load Cell Placement Summary for Global Clock g8
---------------------------------------------------

+-----------+-----------------+-------------------+-------+-------------+---------------+----------+-------------+----------+----------------+----------+-------------------+
| Global Id | Driver Type/Pin | Driver Region (D) | Clock | Period (ns) | Waveform (ns) | Root (R) | Slice Loads | IO Loads | Clocking Loads | GT Loads | Net               |
+-----------+-----------------+-------------------+-------+-------------+---------------+----------+-------------+----------+----------------+----------+-------------------+
| g8        | BUFG/O          | n/a               |       |             |               |          |          23 |        0 |              0 |        0 | ps2_clk_IBUF_BUFG |
+-----------+-----------------+-------------------+-------+-------------+---------------+----------+-------------+----------+----------------+----------+-------------------+
* Slice Loads column represents load cell count of all cell types other than IO, GT and clock resources
** IO Loads column represents load cell count of IO types
*** Clocking Loads column represents load cell count that are clock resources (global clock buffer, MMCM, PLL, etc)
**** GT Loads column represents load cell count of GT types


+----+----+-----+
|    | X0 | X1  |
+----+----+-----+
| Y4 |  0 |   0 |
| Y3 |  0 |   0 |
| Y2 |  0 |  23 |
| Y1 |  0 |   0 |
| Y0 |  0 |   0 |
+----+----+-----+


26. Load Cell Placement Summary for Global Clock g9
---------------------------------------------------

+-----------+-----------------+-------------------+-------+-------------+---------------+----------+-------------+----------+----------------+----------+----------------------+
| Global Id | Driver Type/Pin | Driver Region (D) | Clock | Period (ns) | Waveform (ns) | Root (R) | Slice Loads | IO Loads | Clocking Loads | GT Loads | Net                  |
+-----------+-----------------+-------------------+-------+-------------+---------------+----------+-------------+----------+----------------+----------+----------------------+
| g9        | BUFG/O          | n/a               |       |             |               |          |         264 |        0 |              0 |        0 | u_calcn_0_49083_BUFG |
+-----------+-----------------+-------------------+-------+-------------+---------------+----------+-------------+----------+----------------+----------+----------------------+
* Slice Loads column represents load cell count of all cell types other than IO, GT and clock resources
** IO Loads column represents load cell count of IO types
*** Clocking Loads column represents load cell count that are clock resources (global clock buffer, MMCM, PLL, etc)
**** GT Loads column represents load cell count of GT types


+----+-----+------+
|    | X0  | X1   |
+----+-----+------+
| Y4 |   0 |    0 |
| Y3 |   0 |    0 |
| Y2 |   0 |   24 |
| Y1 |   0 |    0 |
| Y0 |  55 |  185 |
+----+-----+------+



# Location of BUFG Primitives 
set_property LOC BUFGCTRL_X0Y1 [get_cells u_calcn_0_49083_BUFG_inst]
set_property LOC BUFGCTRL_X0Y9 [get_cells ps2_clk_IBUF_BUFG_inst]
set_property LOC BUFGCTRL_X0Y7 [get_cells player2_x_reg[9]_i_3]
set_property LOC BUFGCTRL_X0Y4 [get_cells bubble_time_reg[0][31]_i_3]
set_property LOC BUFGCTRL_X0Y3 [get_cells n_1_62977_BUFG_inst]
set_property LOC BUFGCTRL_X0Y2 [get_cells n_0_63583_BUFG_inst]
set_property LOC BUFGCTRL_X0Y8 [get_cells clkdiv_reg__0_BUFG[1]_inst]
set_property LOC BUFGCTRL_X0Y0 [get_cells clkdiv_reg_BUFG[0]_inst]
set_property LOC BUFGCTRL_X0Y5 [get_cells shift_reg[55]_i_3]
set_property LOC BUFGCTRL_X0Y6 [get_cells clk_IBUF_BUFG_inst]

# Location of IO Primitives which is load of clock spine

# Location of clock ports
set_property LOC IOB_X1Y24 [get_ports clk]
set_property LOC IOB_X0Y56 [get_ports ps2_clk]

# Clock net "u_calcn_0_49083_BUFG" driven by instance "u_calcn_0_49083_BUFG_inst" located at site "BUFGCTRL_X0Y1"
#startgroup
create_pblock {CLKAG_u_calcn_0_49083_BUFG}
add_cells_to_pblock [get_pblocks  {CLKAG_u_calcn_0_49083_BUFG}] [get_cells -filter { PRIMITIVE_GROUP != I/O && IS_PRIMITIVE==1 && PRIMITIVE_LEVEL !=INTERNAL } -of_object [get_pins -filter {DIRECTION==IN} -of_objects [get_nets -hierarchical -filter {PARENT=="u_calcn_0_49083_BUFG"}]]]
resize_pblock [get_pblocks {CLKAG_u_calcn_0_49083_BUFG}] -add {CLOCKREGION_X0Y0:CLOCKREGION_X0Y0 CLOCKREGION_X1Y0:CLOCKREGION_X1Y0 CLOCKREGION_X1Y2:CLOCKREGION_X1Y2}
#endgroup

# Clock net "ps2_clk_IBUF_BUFG" driven by instance "ps2_clk_IBUF_BUFG_inst" located at site "BUFGCTRL_X0Y9"
#startgroup
create_pblock {CLKAG_ps2_clk_IBUF_BUFG}
add_cells_to_pblock [get_pblocks  {CLKAG_ps2_clk_IBUF_BUFG}] [get_cells -filter { PRIMITIVE_GROUP != I/O && IS_PRIMITIVE==1 && PRIMITIVE_LEVEL !=INTERNAL } -of_object [get_pins -filter {DIRECTION==IN} -of_objects [get_nets -hierarchical -filter {PARENT=="ps2_clk_IBUF_BUFG"}]]]
resize_pblock [get_pblocks {CLKAG_ps2_clk_IBUF_BUFG}] -add {CLOCKREGION_X1Y2:CLOCKREGION_X1Y2}
#endgroup

# Clock net "p_2_in" driven by instance "player2_x_reg[9]_i_3" located at site "BUFGCTRL_X0Y7"
#startgroup
create_pblock {CLKAG_p_2_in}
add_cells_to_pblock [get_pblocks  {CLKAG_p_2_in}] [get_cells -filter { PRIMITIVE_GROUP != I/O && IS_PRIMITIVE==1 && PRIMITIVE_LEVEL !=INTERNAL } -of_object [get_pins -filter {DIRECTION==IN} -of_objects [get_nets -hierarchical -filter {PARENT=="p_2_in"}]]]
resize_pblock [get_pblocks {CLKAG_p_2_in}] -add {CLOCKREGION_X1Y2:CLOCKREGION_X1Y2}
#endgroup

# Clock net "p_0_in" driven by instance "bubble_time_reg[0][31]_i_3" located at site "BUFGCTRL_X0Y4"
#startgroup
create_pblock {CLKAG_p_0_in}
add_cells_to_pblock [get_pblocks  {CLKAG_p_0_in}] [get_cells -filter { PRIMITIVE_GROUP != I/O && IS_PRIMITIVE==1 && PRIMITIVE_LEVEL !=INTERNAL } -of_object [get_pins -filter {DIRECTION==IN} -of_objects [get_nets -hierarchical -filter {PARENT=="p_0_in"}]]]
resize_pblock [get_pblocks {CLKAG_p_0_in}] -add {CLOCKREGION_X1Y0:CLOCKREGION_X1Y0 CLOCKREGION_X1Y1:CLOCKREGION_X1Y1 CLOCKREGION_X1Y2:CLOCKREGION_X1Y2}
#endgroup

# Clock net "n_1_62977_BUFG" driven by instance "n_1_62977_BUFG_inst" located at site "BUFGCTRL_X0Y3"
#startgroup
create_pblock {CLKAG_n_1_62977_BUFG}
add_cells_to_pblock [get_pblocks  {CLKAG_n_1_62977_BUFG}] [get_cells -filter { PRIMITIVE_GROUP != I/O && IS_PRIMITIVE==1 && PRIMITIVE_LEVEL !=INTERNAL } -of_object [get_pins -filter {DIRECTION==IN} -of_objects [get_nets -hierarchical -filter {PARENT=="n_1_62977_BUFG"}]]]
resize_pblock [get_pblocks {CLKAG_n_1_62977_BUFG}] -add {CLOCKREGION_X0Y0:CLOCKREGION_X0Y0 CLOCKREGION_X1Y0:CLOCKREGION_X1Y0}
#endgroup

# Clock net "n_0_63583_BUFG" driven by instance "n_0_63583_BUFG_inst" located at site "BUFGCTRL_X0Y2"
#startgroup
create_pblock {CLKAG_n_0_63583_BUFG}
add_cells_to_pblock [get_pblocks  {CLKAG_n_0_63583_BUFG}] [get_cells -filter { PRIMITIVE_GROUP != I/O && IS_PRIMITIVE==1 && PRIMITIVE_LEVEL !=INTERNAL } -of_object [get_pins -filter {DIRECTION==IN} -of_objects [get_nets -hierarchical -filter {PARENT=="n_0_63583_BUFG"}]]]
resize_pblock [get_pblocks {CLKAG_n_0_63583_BUFG}] -add {CLOCKREGION_X0Y0:CLOCKREGION_X0Y0 CLOCKREGION_X1Y0:CLOCKREGION_X1Y0}
#endgroup

# Clock net "clkdiv_reg__0_BUFG[1]" driven by instance "clkdiv_reg__0_BUFG[1]_inst" located at site "BUFGCTRL_X0Y8"
#startgroup
create_pblock {CLKAG_clkdiv_reg__0_BUFG[1]}
add_cells_to_pblock [get_pblocks  {CLKAG_clkdiv_reg__0_BUFG[1]}] [get_cells -filter { PRIMITIVE_GROUP != I/O && IS_PRIMITIVE==1 && PRIMITIVE_LEVEL !=INTERNAL } -of_object [get_pins -filter {DIRECTION==IN} -of_objects [get_nets -hierarchical -filter {PARENT=="clkdiv_reg__0_BUFG[1]"}]]]
resize_pblock [get_pblocks {CLKAG_clkdiv_reg__0_BUFG[1]}] -add {CLOCKREGION_X0Y1:CLOCKREGION_X0Y1 CLOCKREGION_X0Y2:CLOCKREGION_X0Y2 CLOCKREGION_X1Y2:CLOCKREGION_X1Y2}
#endgroup

# Clock net "clkdiv_reg_BUFG[0]" driven by instance "clkdiv_reg_BUFG[0]_inst" located at site "BUFGCTRL_X0Y0"
#startgroup
create_pblock {CLKAG_clkdiv_reg_BUFG[0]}
add_cells_to_pblock [get_pblocks  {CLKAG_clkdiv_reg_BUFG[0]}] [get_cells -filter { PRIMITIVE_GROUP != I/O && IS_PRIMITIVE==1 && PRIMITIVE_LEVEL !=INTERNAL } -of_object [get_pins -filter {DIRECTION==IN} -of_objects [get_nets -hierarchical -filter {PARENT=="clkdiv_reg_BUFG[0]"}]]]
resize_pblock [get_pblocks {CLKAG_clkdiv_reg_BUFG[0]}] -add {CLOCKREGION_X0Y0:CLOCKREGION_X0Y0 CLOCKREGION_X0Y1:CLOCKREGION_X0Y1 CLOCKREGION_X0Y2:CLOCKREGION_X0Y2 CLOCKREGION_X0Y3:CLOCKREGION_X0Y3 CLOCKREGION_X0Y4:CLOCKREGION_X0Y4 CLOCKREGION_X1Y0:CLOCKREGION_X1Y0 CLOCKREGION_X1Y1:CLOCKREGION_X1Y1 CLOCKREGION_X1Y2:CLOCKREGION_X1Y2 CLOCKREGION_X1Y3:CLOCKREGION_X1Y3 CLOCKREGION_X1Y4:CLOCKREGION_X1Y4}
#endgroup

# Clock net "clkdiv_reg[3]" driven by instance "shift_reg[55]_i_3" located at site "BUFGCTRL_X0Y5"
#startgroup
create_pblock {CLKAG_clkdiv_reg[3]}
add_cells_to_pblock [get_pblocks  {CLKAG_clkdiv_reg[3]}] [get_cells -filter { PRIMITIVE_GROUP != I/O && IS_PRIMITIVE==1 && PRIMITIVE_LEVEL !=INTERNAL } -of_object [get_pins -filter {DIRECTION==IN} -of_objects [get_nets -hierarchical -filter {PARENT=="clkdiv_reg[3]"}]]]
resize_pblock [get_pblocks {CLKAG_clkdiv_reg[3]}] -add {CLOCKREGION_X1Y2:CLOCKREGION_X1Y2}
#endgroup

# Clock net "clk_IBUF_BUFG" driven by instance "clk_IBUF_BUFG_inst" located at site "BUFGCTRL_X0Y6"
#startgroup
create_pblock {CLKAG_clk_IBUF_BUFG}
add_cells_to_pblock [get_pblocks  {CLKAG_clk_IBUF_BUFG}] [get_cells -filter { PRIMITIVE_GROUP != I/O && IS_PRIMITIVE==1 && PRIMITIVE_LEVEL !=INTERNAL } -of_object [get_pins -filter {DIRECTION==IN} -of_objects [get_nets -hierarchical -filter {PARENT=="clk_IBUF_BUFG"}]]]
resize_pblock [get_pblocks {CLKAG_clk_IBUF_BUFG}] -add {CLOCKREGION_X1Y0:CLOCKREGION_X1Y0 CLOCKREGION_X1Y1:CLOCKREGION_X1Y1 CLOCKREGION_X1Y2:CLOCKREGION_X1Y2}
#endgroup
